<?xml version="1.0" encoding="UTF-8"?>
<!-- Generated by org.testng.reporters.JUnitXMLReporter -->
<testsuite ignored="0" hostname="DESKTOP-H4IIQDR" failures="0" tests="2" name="ch" time="0.117" errors="0" timestamp="2024-08-02T19:22:53 IST">
  <testcase classname="Day_14.ParrallelDemo" name="@BeforeClass setup" time="-1.722606773326E9">
    <failure type="org.testng.TestNGException" message="
Parameter &amp;apos;browser&amp;apos; is required by BeforeClass on method setup but has not been marked @Optional or defined
in C:\Users\hello\eclipse-workspace\Selenium_Maven_04_01\src\test\java\Day_14\parrel.xml">
      <![CDATA[org.testng.TestNGException: 
Parameter 'browser' is required by BeforeClass on method setup but has not been marked @Optional or defined
in C:\Users\hello\eclipse-workspace\Selenium_Maven_04_01\src\test\java\Day_14\parrel.xml
at java.base/java.util.ArrayList.forEach(ArrayList.java:1596)
at java.base/java.util.concurrent.FutureTask.run(FutureTask.java:317)
at java.base/java.util.concurrent.ThreadPoolExecutor.runWorker(ThreadPoolExecutor.java:1144)
at java.base/java.util.concurrent.ThreadPoolExecutor$Worker.run(ThreadPoolExecutor.java:642)
at java.base/java.lang.Thread.run(Thread.java:1583)
... Removed 13 stack frames]]>
    </failure>
  </testcase> <!-- @BeforeClass setup -->
  <testcase classname="Day_14.ParrallelDemo" name="@AfterClass teardown" time="-1.722606773405E9">
    <skipped/>
  </testcase> <!-- @AfterClass teardown -->
  <testcase classname="Day_14.ParrallelDemo" name="Logo" time="0.0">
    <skipped/>
  </testcase> <!-- Logo -->
  <testcase classname="Day_14.ParrallelDemo" name="Login" time="0.0">
    <skipped/>
  </testcase> <!-- Login -->
</testsuite> <!-- ch -->
